<?xml version="1.0" encoding="utf-8"?><testsuites name="pytest tests"><testsuite name="pytest" errors="0" failures="0" skipped="0" tests="518" time="23.849" timestamp="2026-07-11T21:29:20.601718-03:00" hostname="Paulo"><testcase classname="tests.features.test_features_code_actions.TestFeaturesCodeActions" name="test_code_action_add_timeout" time="0.001" /><testcase classname="tests.features.test_features_code_actions.TestFeaturesCodeActions" name="test_code_action_fix_reference" time="0.001" /><testcase classname="tests.features.test_features_code_actions.TestFeaturesCodeActions" name="test_code_action_deterministic" time="0.001" /><testcase classname="tests.features.test_features_code_actions.TestFeaturesCodeActions" name="test_code_action_suppress" time="0.001" /><testcase classname="tests.features.test_features_code_actions.TestFeaturesCodeActions" name="test_code_action_generic" time="0.000" /><testcase classname="tests.features.test_features_code_lens.TestFeaturesCodeLens" name="test_code_lens_on_agent" time="0.000" /><testcase classname="tests.features.test_features_code_lens.TestFeaturesCodeLens" name="test_code_lens_on_skill" time="0.000" /><testcase classname="tests.features.test_features_code_lens.TestFeaturesCodeLens" name="test_code_lens_on_playbook" time="0.000" /><testcase classname="tests.features.test_features_code_lens.TestFeaturesCodeLens" name="test_code_lens_not_on_non_aeos" time="0.000" /><testcase classname="tests.features.test_features_code_lens.TestFeaturesCodeLens" name="test_code_lens_validate_workspace" time="0.000" /><testcase classname="tests.features.test_features_completion.TestFeaturesCompletion" name="test_completion_basic" time="0.001" /><testcase classname="tests.features.test_features_completion.TestFeaturesCompletion" name="test_completion_resolve" time="0.001" /><testcase classname="tests.features.test_features_completion.TestFeaturesCompletion" name="test_completion_context_aware" time="0.001" /><testcase classname="tests.features.test_features_completion.TestFeaturesCompletion" name="test_completion_prefix_filtering" time="0.001" /><testcase classname="tests.features.test_features_completion.TestFeaturesCompletion" name="test_completion_pagination" time="0.001" /><testcase classname="tests.features.test_features_completion.TestFeaturesCompletion" name="test_completion_directive" time="0.001" /><testcase classname="tests.features.test_features_completion.TestFeaturesCompletion" name="test_completion_expression" time="0.001" /><testcase classname="tests.features.test_features_definition.TestFeaturesDefinition" name="test_definition_basic" time="0.000" /><testcase classname="tests.features.test_features_definition.TestFeaturesDefinition" name="test_definition_multiple" time="0.000" /><testcase classname="tests.features.test_features_definition.TestFeaturesDefinition" name="test_definition_none_for_missing" time="0.000" /><testcase classname="tests.features.test_features_document_symbols.TestFeaturesDocumentSymbols" name="test_document_symbols_agent" time="0.000" /><testcase classname="tests.features.test_features_document_symbols.TestFeaturesDocumentSymbols" name="test_document_symbols_hierarchical" time="0.000" /><testcase classname="tests.features.test_features_document_symbols.TestFeaturesDocumentSymbols" name="test_document_symbols_none_for_missing" time="0.000" /><testcase classname="tests.features.test_features_document_symbols.TestFeaturesDocumentSymbols" name="test_document_symbols_detail" time="0.000" /><testcase classname="tests.features.test_features_formatting.TestFeaturesFormatting" name="test_format_document" time="0.000" /><testcase classname="tests.features.test_features_formatting.TestFeaturesFormatting" name="test_format_range" time="0.000" /><testcase classname="tests.features.test_features_formatting.TestFeaturesFormatting" name="test_format_identical" time="0.001" /><testcase classname="tests.features.test_features_formatting.TestFeaturesFormatting" name="test_format_missing_document" time="0.000" /><testcase classname="tests.features.test_features_formatting.TestFeaturesFormatting" name="test_format_comments_and_strings" time="0.000" /><testcase classname="tests.features.test_features_formatting.TestFeaturesFormatting" name="test_format_preserves_front_matter" time="0.000" /><testcase classname="tests.features.test_features_formatting.TestFeaturesFormatting" name="test_range_formatting_none_for_invalid" time="0.000" /><testcase classname="tests.features.test_features_hover.TestFeaturesHover" name="test_hover_basic" time="0.000" /><testcase classname="tests.features.test_features_hover.TestFeaturesHover" name="test_hover_markdown_format" time="0.000" /><testcase classname="tests.features.test_features_hover.TestFeaturesHover" name="test_hover_on_different_symbols" time="0.000" /><testcase classname="tests.features.test_features_hover.TestFeaturesHover" name="test_hover_none_for_missing" time="0.000" /><testcase classname="tests.features.test_features_hover.TestFeaturesHover" name="test_hover_deprecated_shows_warning" time="0.000" /><testcase classname="tests.features.test_features_references.TestFeaturesReferences" name="test_references_basic" time="0.001" /><testcase classname="tests.features.test_features_references.TestFeaturesReferences" name="test_references_include_declaration" time="0.000" /><testcase classname="tests.features.test_features_references.TestFeaturesReferences" name="test_references_none_for_missing" time="0.000" /><testcase classname="tests.features.test_features_semantic_tokens.TestFeaturesSemanticTokens" name="test_semantic_tokens_full" time="0.000" /><testcase classname="tests.features.test_features_semantic_tokens.TestFeaturesSemanticTokens" name="test_semantic_tokens_delta" time="0.001" /><testcase classname="tests.features.test_features_semantic_tokens.TestFeaturesSemanticTokens" name="test_semantic_tokens_range" time="0.000" /><testcase classname="tests.features.test_features_semantic_tokens.TestFeaturesSemanticTokens" name="test_semantic_tokens_range_empty" time="0.001" /><testcase classname="tests.features.test_features_semantic_tokens.TestFeaturesSemanticTokens" name="test_semantic_tokens_empty" time="0.000" /><testcase classname="tests.features.test_features_semantic_tokens.TestFeaturesSemanticTokens" name="test_semantic_tokens_legend" time="0.000" /><testcase classname="tests.golden.test_golden_invalid" name="test_golden_invalid_parses[invalid_syntax.yaml-fixture_path0-expected_path0]" time="0.001" /><testcase classname="tests.golden.test_golden_invalid" name="test_golden_invalid_parses[invalid_schema.yaml-fixture_path1-expected_path1]" time="0.000" /><testcase classname="tests.golden.test_golden_invalid" name="test_golden_invalid_parses[duplicate_ids.yaml-fixture_path2-expected_path2]" time="0.002" /><testcase classname="tests.golden.test_golden_invalid" name="test_golden_invalid_parses[dangling_reference.yaml-fixture_path3-expected_path3]" time="0.003" /><testcase classname="tests.golden.test_golden_invalid" name="test_golden_invalid_parses[cycle_playbooks.yaml-fixture_path4-expected_path4]" time="0.003" /><testcase classname="tests.golden.test_golden_invalid" name="test_golden_invalid_parses[cycle_agent_inheritance.yaml-fixture_path5-expected_path5]" time="0.002" /><testcase classname="tests.golden.test_golden_invalid" name="test_golden_invalid_parses[missing_permission.yaml-fixture_path6-expected_path6]" time="0.002" /><testcase classname="tests.golden.test_golden_invalid" name="test_golden_invalid_parses[missing_rollback.yaml-fixture_path7-expected_path7]" time="0.001" /><testcase classname="tests.golden.test_golden_invalid" name="test_golden_invalid_parses[insecure_command.yaml-fixture_path8-expected_path8]" time="0.001" /><testcase classname="tests.golden.test_golden_invalid" name="test_golden_invalid_parses[no_timeout.yaml-fixture_path9-expected_path9]" time="0.002" /><testcase classname="tests.golden.test_golden_invalid" name="test_golden_invalid_parses[unlimited_retry.yaml-fixture_path10-expected_path10]" time="0.004" /><testcase classname="tests.golden.test_golden_invalid" name="test_golden_invalid_parses[invalid_token_budget.yaml-fixture_path11-expected_path11]" time="0.001" /><testcase classname="tests.golden.test_golden_invalid" name="test_golden_invalid_parses[deprecated_field.yaml-fixture_path12-expected_path12]" time="0.003" /><testcase classname="tests.golden.test_golden_invalid" name="test_golden_invalid_parses[cross_file_ref.yaml-fixture_path13-expected_path13]" time="0.003" /><testcase classname="tests.golden.test_golden_invalid" name="test_golden_invalid_expected_exists[invalid_syntax.yaml-fixture_path0-expected_path0]" time="0.000" /><testcase classname="tests.golden.test_golden_invalid" name="test_golden_invalid_expected_exists[invalid_schema.yaml-fixture_path1-expected_path1]" time="0.001" /><testcase classname="tests.golden.test_golden_invalid" name="test_golden_invalid_expected_exists[duplicate_ids.yaml-fixture_path2-expected_path2]" time="0.001" /><testcase classname="tests.golden.test_golden_invalid" name="test_golden_invalid_expected_exists[dangling_reference.yaml-fixture_path3-expected_path3]" time="0.000" /><testcase classname="tests.golden.test_golden_invalid" name="test_golden_invalid_expected_exists[cycle_playbooks.yaml-fixture_path4-expected_path4]" time="0.000" /><testcase classname="tests.golden.test_golden_invalid" name="test_golden_invalid_expected_exists[cycle_agent_inheritance.yaml-fixture_path5-expected_path5]" time="0.000" /><testcase classname="tests.golden.test_golden_invalid" name="test_golden_invalid_expected_exists[missing_permission.yaml-fixture_path6-expected_path6]" time="0.000" /><testcase classname="tests.golden.test_golden_invalid" name="test_golden_invalid_expected_exists[missing_rollback.yaml-fixture_path7-expected_path7]" time="0.001" /><testcase classname="tests.golden.test_golden_invalid" name="test_golden_invalid_expected_exists[insecure_command.yaml-fixture_path8-expected_path8]" time="0.000" /><testcase classname="tests.golden.test_golden_invalid" name="test_golden_invalid_expected_exists[no_timeout.yaml-fixture_path9-expected_path9]" time="0.000" /><testcase classname="tests.golden.test_golden_invalid" name="test_golden_invalid_expected_exists[unlimited_retry.yaml-fixture_path10-expected_path10]" time="0.000" /><testcase classname="tests.golden.test_golden_invalid" name="test_golden_invalid_expected_exists[invalid_token_budget.yaml-fixture_path11-expected_path11]" time="0.000" /><testcase classname="tests.golden.test_golden_invalid" name="test_golden_invalid_expected_exists[deprecated_field.yaml-fixture_path12-expected_path12]" time="0.001" /><testcase classname="tests.golden.test_golden_invalid" name="test_golden_invalid_expected_exists[cross_file_ref.yaml-fixture_path13-expected_path13]" time="0.000" /><testcase classname="tests.golden.test_golden_invalid" name="test_golden_invalid_expected_valid_json[invalid_syntax.yaml-fixture_path0-expected_path0]" time="0.001" /><testcase classname="tests.golden.test_golden_invalid" name="test_golden_invalid_expected_valid_json[invalid_schema.yaml-fixture_path1-expected_path1]" time="0.000" /><testcase classname="tests.golden.test_golden_invalid" name="test_golden_invalid_expected_valid_json[duplicate_ids.yaml-fixture_path2-expected_path2]" time="0.000" /><testcase classname="tests.golden.test_golden_invalid" name="test_golden_invalid_expected_valid_json[dangling_reference.yaml-fixture_path3-expected_path3]" time="0.001" /><testcase classname="tests.golden.test_golden_invalid" name="test_golden_invalid_expected_valid_json[cycle_playbooks.yaml-fixture_path4-expected_path4]" time="0.000" /><testcase classname="tests.golden.test_golden_invalid" name="test_golden_invalid_expected_valid_json[cycle_agent_inheritance.yaml-fixture_path5-expected_path5]" time="0.000" /><testcase classname="tests.golden.test_golden_invalid" name="test_golden_invalid_expected_valid_json[missing_permission.yaml-fixture_path6-expected_path6]" time="0.000" /><testcase classname="tests.golden.test_golden_invalid" name="test_golden_invalid_expected_valid_json[missing_rollback.yaml-fixture_path7-expected_path7]" time="0.000" /><testcase classname="tests.golden.test_golden_invalid" name="test_golden_invalid_expected_valid_json[insecure_command.yaml-fixture_path8-expected_path8]" time="0.000" /><testcase classname="tests.golden.test_golden_invalid" name="test_golden_invalid_expected_valid_json[no_timeout.yaml-fixture_path9-expected_path9]" time="0.000" /><testcase classname="tests.golden.test_golden_invalid" name="test_golden_invalid_expected_valid_json[unlimited_retry.yaml-fixture_path10-expected_path10]" time="0.001" /><testcase classname="tests.golden.test_golden_invalid" name="test_golden_invalid_expected_valid_json[invalid_token_budget.yaml-fixture_path11-expected_path11]" time="0.001" /><testcase classname="tests.golden.test_golden_invalid" name="test_golden_invalid_expected_valid_json[deprecated_field.yaml-fixture_path12-expected_path12]" time="0.001" /><testcase classname="tests.golden.test_golden_invalid" name="test_golden_invalid_expected_valid_json[cross_file_ref.yaml-fixture_path13-expected_path13]" time="0.000" /><testcase classname="tests.golden.test_golden_invalid" name="test_golden_invalid_has_errors[invalid_syntax.yaml-fixture_path0-expected_path0]" time="0.000" /><testcase classname="tests.golden.test_golden_invalid" name="test_golden_invalid_has_errors[invalid_schema.yaml-fixture_path1-expected_path1]" time="0.000" /><testcase classname="tests.golden.test_golden_invalid" name="test_golden_invalid_has_errors[duplicate_ids.yaml-fixture_path2-expected_path2]" time="0.000" /><testcase classname="tests.golden.test_golden_invalid" name="test_golden_invalid_has_errors[dangling_reference.yaml-fixture_path3-expected_path3]" time="0.000" /><testcase classname="tests.golden.test_golden_invalid" name="test_golden_invalid_has_errors[cycle_playbooks.yaml-fixture_path4-expected_path4]" time="0.000" /><testcase classname="tests.golden.test_golden_invalid" name="test_golden_invalid_has_errors[cycle_agent_inheritance.yaml-fixture_path5-expected_path5]" time="0.000" /><testcase classname="tests.golden.test_golden_invalid" name="test_golden_invalid_has_errors[missing_permission.yaml-fixture_path6-expected_path6]" time="0.001" /><testcase classname="tests.golden.test_golden_invalid" name="test_golden_invalid_has_errors[missing_rollback.yaml-fixture_path7-expected_path7]" time="0.000" /><testcase classname="tests.golden.test_golden_invalid" name="test_golden_invalid_has_errors[insecure_command.yaml-fixture_path8-expected_path8]" time="0.000" /><testcase classname="tests.golden.test_golden_invalid" name="test_golden_invalid_has_errors[no_timeout.yaml-fixture_path9-expected_path9]" time="0.000" /><testcase classname="tests.golden.test_golden_invalid" name="test_golden_invalid_has_errors[unlimited_retry.yaml-fixture_path10-expected_path10]" time="0.000" /><testcase classname="tests.golden.test_golden_invalid" name="test_golden_invalid_has_errors[invalid_token_budget.yaml-fixture_path11-expected_path11]" time="0.000" /><testcase classname="tests.golden.test_golden_invalid" name="test_golden_invalid_has_errors[deprecated_field.yaml-fixture_path12-expected_path12]" time="0.001" /><testcase classname="tests.golden.test_golden_invalid" name="test_golden_invalid_has_errors[cross_file_ref.yaml-fixture_path13-expected_path13]" time="0.000" /><testcase classname="tests.golden.test_golden_invalid" name="test_golden_invalid_diagnostic_codes_known[invalid_syntax.yaml-fixture_path0-expected_path0]" time="0.000" /><testcase classname="tests.golden.test_golden_invalid" name="test_golden_invalid_diagnostic_codes_known[invalid_schema.yaml-fixture_path1-expected_path1]" time="0.000" /><testcase classname="tests.golden.test_golden_invalid" name="test_golden_invalid_diagnostic_codes_known[duplicate_ids.yaml-fixture_path2-expected_path2]" time="0.000" /><testcase classname="tests.golden.test_golden_invalid" name="test_golden_invalid_diagnostic_codes_known[dangling_reference.yaml-fixture_path3-expected_path3]" time="0.001" /><testcase classname="tests.golden.test_golden_invalid" name="test_golden_invalid_diagnostic_codes_known[cycle_playbooks.yaml-fixture_path4-expected_path4]" time="0.000" /><testcase classname="tests.golden.test_golden_invalid" name="test_golden_invalid_diagnostic_codes_known[cycle_agent_inheritance.yaml-fixture_path5-expected_path5]" time="0.000" /><testcase classname="tests.golden.test_golden_invalid" name="test_golden_invalid_diagnostic_codes_known[missing_permission.yaml-fixture_path6-expected_path6]" time="0.000" /><testcase classname="tests.golden.test_golden_invalid" name="test_golden_invalid_diagnostic_codes_known[missing_rollback.yaml-fixture_path7-expected_path7]" time="0.000" /><testcase classname="tests.golden.test_golden_invalid" name="test_golden_invalid_diagnostic_codes_known[insecure_command.yaml-fixture_path8-expected_path8]" time="0.000" /><testcase classname="tests.golden.test_golden_invalid" name="test_golden_invalid_diagnostic_codes_known[no_timeout.yaml-fixture_path9-expected_path9]" time="0.000" /><testcase classname="tests.golden.test_golden_invalid" name="test_golden_invalid_diagnostic_codes_known[unlimited_retry.yaml-fixture_path10-expected_path10]" time="0.000" /><testcase classname="tests.golden.test_golden_invalid" name="test_golden_invalid_diagnostic_codes_known[invalid_token_budget.yaml-fixture_path11-expected_path11]" time="0.000" /><testcase classname="tests.golden.test_golden_invalid" name="test_golden_invalid_diagnostic_codes_known[deprecated_field.yaml-fixture_path12-expected_path12]" time="0.000" /><testcase classname="tests.golden.test_golden_invalid" name="test_golden_invalid_diagnostic_codes_known[cross_file_ref.yaml-fixture_path13-expected_path13]" time="0.000" /><testcase classname="tests.golden.test_golden_invalid" name="test_golden_invalid_severity_range[invalid_syntax.yaml-fixture_path0-expected_path0]" time="0.000" /><testcase classname="tests.golden.test_golden_invalid" name="test_golden_invalid_severity_range[invalid_schema.yaml-fixture_path1-expected_path1]" time="0.000" /><testcase classname="tests.golden.test_golden_invalid" name="test_golden_invalid_severity_range[duplicate_ids.yaml-fixture_path2-expected_path2]" time="0.000" /><testcase classname="tests.golden.test_golden_invalid" name="test_golden_invalid_severity_range[dangling_reference.yaml-fixture_path3-expected_path3]" time="0.000" /><testcase classname="tests.golden.test_golden_invalid" name="test_golden_invalid_severity_range[cycle_playbooks.yaml-fixture_path4-expected_path4]" time="0.000" /><testcase classname="tests.golden.test_golden_invalid" name="test_golden_invalid_severity_range[cycle_agent_inheritance.yaml-fixture_path5-expected_path5]" time="0.000" /><testcase classname="tests.golden.test_golden_invalid" name="test_golden_invalid_severity_range[missing_permission.yaml-fixture_path6-expected_path6]" time="0.000" /><testcase classname="tests.golden.test_golden_invalid" name="test_golden_invalid_severity_range[missing_rollback.yaml-fixture_path7-expected_path7]" time="0.000" /><testcase classname="tests.golden.test_golden_invalid" name="test_golden_invalid_severity_range[insecure_command.yaml-fixture_path8-expected_path8]" time="0.000" /><testcase classname="tests.golden.test_golden_invalid" name="test_golden_invalid_severity_range[no_timeout.yaml-fixture_path9-expected_path9]" time="0.000" /><testcase classname="tests.golden.test_golden_invalid" name="test_golden_invalid_severity_range[unlimited_retry.yaml-fixture_path10-expected_path10]" time="0.000" /><testcase classname="tests.golden.test_golden_invalid" name="test_golden_invalid_severity_range[invalid_token_budget.yaml-fixture_path11-expected_path11]" time="0.000" /><testcase classname="tests.golden.test_golden_invalid" name="test_golden_invalid_severity_range[deprecated_field.yaml-fixture_path12-expected_path12]" time="0.000" /><testcase classname="tests.golden.test_golden_invalid" name="test_golden_invalid_severity_range[cross_file_ref.yaml-fixture_path13-expected_path13]" time="0.000" /><testcase classname="tests.golden.test_golden_invalid" name="test_golden_invalid_all_fixtures_exist" time="0.000" /><testcase classname="tests.golden.test_golden_invalid" name="test_golden_invalid_all_have_expected" time="0.000" /><testcase classname="tests.golden.test_golden_invalid" name="test_golden_invalid_no_empty_diagnostics" time="0.001" /><testcase classname="tests.golden.test_golden_invalid" name="test_golden_invalid_syntax_error_present" time="0.000" /><testcase classname="tests.golden.test_golden_invalid" name="test_golden_invalid_dangling_references" time="0.000" /><testcase classname="tests.golden.test_golden_invalid" name="test_golden_invalid_schema_errors" time="0.000" /><testcase classname="tests.golden.test_golden_valid" name="test_golden_valid_parse[valid_agent.yaml-fixture_path0-expected_path0]" time="0.000" /><testcase classname="tests.golden.test_golden_valid" name="test_golden_valid_parse[valid_skill.yaml-fixture_path1-expected_path1]" time="0.000" /><testcase classname="tests.golden.test_golden_valid" name="test_golden_valid_parse[valid_playbook.yaml-fixture_path2-expected_path2]" time="0.004" /><testcase classname="tests.golden.test_golden_valid" name="test_golden_valid_parse[valid_policy.yaml-fixture_path3-expected_path3]" time="0.001" /><testcase classname="tests.golden.test_golden_valid" name="test_golden_valid_parse[valid_permissions.yaml-fixture_path4-expected_path4]" time="0.006" /><testcase classname="tests.golden.test_golden_valid" name="test_golden_valid_parse[valid_registry.yaml-fixture_path5-expected_path5]" time="0.001" /><testcase classname="tests.golden.test_golden_valid" name="test_golden_valid_parse[valid_aeos_config.yaml-fixture_path6-expected_path6]" time="0.003" /><testcase classname="tests.golden.test_golden_valid" name="test_golden_valid_parse[valid_aeos.json-fixture_path7-expected_path7]" time="0.001" /><testcase classname="tests.golden.test_golden_valid" name="test_golden_valid_parse[valid_aeos.toml-fixture_path8-expected_path8]" time="0.001" /><testcase classname="tests.golden.test_golden_valid" name="test_golden_valid_parse[valid_agent.agent.md-fixture_path9-expected_path9]" time="0.002" /><testcase classname="tests.golden.test_golden_valid" name="test_golden_valid_parse[valid_skill.skill.md-fixture_path10-expected_path10]" time="0.002" /><testcase classname="tests.golden.test_golden_valid" name="test_golden_valid_parse[valid_playbook.playbook.md-fixture_path11-expected_path11]" time="0.004" /><testcase classname="tests.golden.test_golden_valid" name="test_golden_valid_parse[valid_full_agent.md-fixture_path12-expected_path12]" time="0.003" /><testcase classname="tests.golden.test_golden_valid" name="test_golden_valid_parse[valid_full_playbook.md-fixture_path13-expected_path13]" time="0.007" /><testcase classname="tests.golden.test_golden_valid" name="test_golden_valid_parse[valid_overlay_index.yaml-fixture_path14-expected_path14]" time="0.001" /><testcase classname="tests.golden.test_golden_valid" name="test_golden_valid_parse[valid_expression.txt-fixture_path15-expected_path15]" time="0.000" /><testcase classname="tests.golden.test_golden_valid" name="test_golden_valid_parse[valid_multi_doc.yaml-fixture_path16-expected_path16]" time="0.003" /><testcase classname="tests.golden.test_golden_valid" name="test_golden_valid_semantic[valid_agent.yaml-fixture_path0-expected_path0]" time="0.000" /><testcase classname="tests.golden.test_golden_valid" name="test_golden_valid_semantic[valid_skill.yaml-fixture_path1-expected_path1]" time="0.000" /><testcase classname="tests.golden.test_golden_valid" name="test_golden_valid_semantic[valid_playbook.yaml-fixture_path2-expected_path2]" time="0.004" /><testcase classname="tests.golden.test_golden_valid" name="test_golden_valid_semantic[valid_policy.yaml-fixture_path3-expected_path3]" time="0.001" /><testcase classname="tests.golden.test_golden_valid" name="test_golden_valid_semantic[valid_permissions.yaml-fixture_path4-expected_path4]" time="0.006" /><testcase classname="tests.golden.test_golden_valid" name="test_golden_valid_semantic[valid_registry.yaml-fixture_path5-expected_path5]" time="0.001" /><testcase classname="tests.golden.test_golden_valid" name="test_golden_valid_semantic[valid_aeos_config.yaml-fixture_path6-expected_path6]" time="0.003" /><testcase classname="tests.golden.test_golden_valid" name="test_golden_valid_semantic[valid_aeos.json-fixture_path7-expected_path7]" time="0.001" /><testcase classname="tests.golden.test_golden_valid" name="test_golden_valid_semantic[valid_aeos.toml-fixture_path8-expected_path8]" time="0.001" /><testcase classname="tests.golden.test_golden_valid" name="test_golden_valid_semantic[valid_agent.agent.md-fixture_path9-expected_path9]" time="0.002" /><testcase classname="tests.golden.test_golden_valid" name="test_golden_valid_semantic[valid_skill.skill.md-fixture_path10-expected_path10]" time="0.002" /><testcase classname="tests.golden.test_golden_valid" name="test_golden_valid_semantic[valid_playbook.playbook.md-fixture_path11-expected_path11]" time="0.004" /><testcase classname="tests.golden.test_golden_valid" name="test_golden_valid_semantic[valid_full_agent.md-fixture_path12-expected_path12]" time="0.003" /><testcase classname="tests.golden.test_golden_valid" name="test_golden_valid_semantic[valid_full_playbook.md-fixture_path13-expected_path13]" time="0.008" /><testcase classname="tests.golden.test_golden_valid" name="test_golden_valid_semantic[valid_overlay_index.yaml-fixture_path14-expected_path14]" time="0.001" /><testcase classname="tests.golden.test_golden_valid" name="test_golden_valid_semantic[valid_expression.txt-fixture_path15-expected_path15]" time="0.001" /><testcase classname="tests.golden.test_golden_valid" name="test_golden_valid_semantic[valid_multi_doc.yaml-fixture_path16-expected_path16]" time="0.003" /><testcase classname="tests.golden.test_golden_valid" name="test_golden_valid_expected_output[valid_agent.yaml-fixture_path0-expected_path0]" time="0.001" /><testcase classname="tests.golden.test_golden_valid" name="test_golden_valid_expected_output[valid_skill.yaml-fixture_path1-expected_path1]" time="0.001" /><testcase classname="tests.golden.test_golden_valid" name="test_golden_valid_expected_output[valid_playbook.yaml-fixture_path2-expected_path2]" time="0.004" /><testcase classname="tests.golden.test_golden_valid" name="test_golden_valid_expected_output[valid_policy.yaml-fixture_path3-expected_path3]" time="0.001" /><testcase classname="tests.golden.test_golden_valid" name="test_golden_valid_expected_output[valid_permissions.yaml-fixture_path4-expected_path4]" time="0.005" /><testcase classname="tests.golden.test_golden_valid" name="test_golden_valid_expected_output[valid_registry.yaml-fixture_path5-expected_path5]" time="0.001" /><testcase classname="tests.golden.test_golden_valid" name="test_golden_valid_expected_output[valid_aeos_config.yaml-fixture_path6-expected_path6]" time="0.003" /><testcase classname="tests.golden.test_golden_valid" name="test_golden_valid_expected_output[valid_aeos.json-fixture_path7-expected_path7]" time="0.001" /><testcase classname="tests.golden.test_golden_valid" name="test_golden_valid_expected_output[valid_aeos.toml-fixture_path8-expected_path8]" time="0.001" /><testcase classname="tests.golden.test_golden_valid" name="test_golden_valid_expected_output[valid_agent.agent.md-fixture_path9-expected_path9]" time="0.002" /><testcase classname="tests.golden.test_golden_valid" name="test_golden_valid_expected_output[valid_skill.skill.md-fixture_path10-expected_path10]" time="0.003" /><testcase classname="tests.golden.test_golden_valid" name="test_golden_valid_expected_output[valid_playbook.playbook.md-fixture_path11-expected_path11]" time="0.004" /><testcase classname="tests.golden.test_golden_valid" name="test_golden_valid_expected_output[valid_full_agent.md-fixture_path12-expected_path12]" time="0.003" /><testcase classname="tests.golden.test_golden_valid" name="test_golden_valid_expected_output[valid_full_playbook.md-fixture_path13-expected_path13]" time="0.007" /><testcase classname="tests.golden.test_golden_valid" name="test_golden_valid_expected_output[valid_overlay_index.yaml-fixture_path14-expected_path14]" time="0.001" /><testcase classname="tests.golden.test_golden_valid" name="test_golden_valid_expected_output[valid_expression.txt-fixture_path15-expected_path15]" time="0.001" /><testcase classname="tests.golden.test_golden_valid" name="test_golden_valid_expected_output[valid_multi_doc.yaml-fixture_path16-expected_path16]" time="0.003" /><testcase classname="tests.golden.test_golden_valid" name="test_golden_valid_no_crash_valid_agent" time="0.002" /><testcase classname="tests.golden.test_golden_valid" name="test_golden_valid_no_crash_full_playbook" time="0.007" /><testcase classname="tests.golden.test_golden_valid" name="test_golden_valid_aeos_config_yaml" time="0.003" /><testcase classname="tests.golden.test_golden_valid" name="test_golden_valid_all_fixtures_exist" time="0.000" /><testcase classname="tests.golden.test_golden_valid" name="test_golden_valid_all_have_expected" time="0.001" /><testcase classname="tests.golden.test_golden_valid" name="test_golden_valid_no_severe_errors" time="0.001" /><testcase classname="tests.golden.test_golden_valid" name="test_golden_valid_all_expected_consistent" time="0.002" /><testcase classname="tests.integration.test_completion_integration.TestCompletionIntegration" name="test_completion_at_directive" time="0.656" /><testcase classname="tests.integration.test_completion_integration.TestCompletionIntegration" name="test_completion_at_id" time="0.666" /><testcase classname="tests.integration.test_completion_integration.TestCompletionIntegration" name="test_completion_at_key" time="0.677" /><testcase classname="tests.integration.test_completion_integration.TestCompletionIntegration" name="test_completion_at_value" time="0.676" /><testcase classname="tests.integration.test_completion_integration.TestCompletionIntegration" name="test_non_aeos_no_completion" time="0.654" /><testcase classname="tests.integration.test_definition_integration.TestDefinitionIntegration" name="test_go_to_definition" time="0.746" /><testcase classname="tests.integration.test_definition_integration.TestDefinitionIntegration" name="test_go_to_definition_cross_file" time="1.172" /><testcase classname="tests.integration.test_document_sync.TestDocumentSync" name="test_open_document" time="1.366" /><testcase classname="tests.integration.test_document_sync.TestDocumentSync" name="test_incremental_change" time="1.862" /><testcase classname="tests.integration.test_document_sync.TestDocumentSync" name="test_save_document" time="1.158" /><testcase classname="tests.integration.test_document_sync.TestDocumentSync" name="test_close_document" time="1.162" /><testcase classname="tests.integration.test_document_sync.TestDocumentSync" name="test_non_aeos_ignore" time="1.366" /><testcase classname="tests.integration.test_hover_integration.TestHoverIntegration" name="test_hover_on_agent_id" time="0.668" /><testcase classname="tests.integration.test_hover_integration.TestHoverIntegration" name="test_hover_on_skill_id" time="0.657" /><testcase classname="tests.integration.test_hover_integration.TestHoverIntegration" name="test_hover_on_variable" time="0.655" /><testcase classname="tests.integration.test_hover_integration.TestHoverIntegration" name="test_hover_on_deprecated" time="0.658" /><testcase classname="tests.integration.test_multi_root.TestMultiRoot" name="test_multi_root_workspace" time="0.368" /><testcase classname="tests.integration.test_multi_root.TestMultiRoot" name="test_workspace_folder_changes" time="0.661" /><testcase classname="tests.integration.test_references_integration.TestReferencesIntegration" name="test_find_references" time="0.665" /><testcase classname="tests.integration.test_references_integration.TestReferencesIntegration" name="test_find_references_include_declaration" time="0.669" /><testcase classname="tests.integration.test_rename_integration.TestRenameIntegration" name="test_prepare_rename" time="0.683" /><testcase classname="tests.integration.test_rename_integration.TestRenameIntegration" name="test_rename_symbol" time="0.665" /><testcase classname="tests.integration.test_rename_integration.TestRenameIntegration" name="test_rename_blocked" time="1.158" /><testcase classname="tests.integration.test_server_lifecycle.TestServerLifecycle" name="test_server_start_stdio" time="0.356" /><testcase classname="tests.integration.test_server_lifecycle.TestServerLifecycle" name="test_server_initialize" time="0.474" /><testcase classname="tests.integration.test_server_lifecycle.TestServerLifecycle" name="test_server_shutdown" time="0.850" /><testcase classname="tests.integration.test_server_lifecycle.TestServerLifecycle" name="test_server_no_orphan_process" time="1.362" /><testcase classname="tests.performance.test_performance_baseline.TestPerformanceBaseline" name="test_cold_start" time="0.009" /><testcase classname="tests.performance.test_performance_baseline.TestPerformanceBaseline" name="test_warm_completion" time="0.007" /><testcase classname="tests.performance.test_performance_baseline.TestPerformanceBaseline" name="test_warm_hover" time="0.001" /><testcase classname="tests.performance.test_performance_baseline.TestPerformanceBaseline" name="test_incremental_diagnostics" time="0.008" /><testcase classname="tests.performance.test_performance_baseline.TestPerformanceBaseline" name="test_full_index_benchmark" time="0.014" /><testcase classname="tests.performance.test_performance_baseline.TestPerformanceBaseline" name="test_memory_usage" time="0.011" /><testcase classname="tests.performance.test_performance_baseline.TestPerformanceBaseline" name="test_output_sizes" time="0.000" /><testcase classname="tests.protocol.test_protocol_cancellation.TestProtocolCancellation" name="test_cancel_request" time="0.001" /><testcase classname="tests.protocol.test_protocol_cancellation.TestProtocolCancellation" name="test_cancel_nonexistent" time="0.000" /><testcase classname="tests.protocol.test_protocol_cancellation.TestProtocolCancellation" name="test_cancellation_during_index" time="0.000" /><testcase classname="tests.protocol.test_protocol_cancellation.TestProtocolCancellation" name="test_handle_cancel_request" time="0.000" /><testcase classname="tests.protocol.test_protocol_cancellation.TestProtocolCancellation" name="test_cancel_all" time="0.000" /><testcase classname="tests.protocol.test_protocol_cancellation.TestProtocolCancellation" name="test_unregister" time="0.000" /><testcase classname="tests.protocol.test_protocol_cancellation.TestProtocolCancellation" name="test_register_cancellation_handlers" time="0.001" /><testcase classname="tests.protocol.test_protocol_config.TestProtocolConfig" name="test_did_change_configuration" time="0.000" /><testcase classname="tests.protocol.test_protocol_config.TestProtocolConfig" name="test_did_change_configuration_empty" time="0.000" /><testcase classname="tests.protocol.test_protocol_config.TestProtocolConfig" name="test_did_change_configuration_none" time="0.000" /><testcase classname="tests.protocol.test_protocol_config.TestProtocolConfig" name="test_workspace_did_change_watched_files" time="0.000" /><testcase classname="tests.protocol.test_protocol_config.TestProtocolConfig" name="test_workspace_did_change_workspace_folders_add" time="0.000" /><testcase classname="tests.protocol.test_protocol_config.TestProtocolConfig" name="test_workspace_did_change_workspace_folders_remove" time="0.000" /><testcase classname="tests.protocol.test_protocol_config.TestProtocolConfig" name="test_workspace_folders_initial" time="0.000" /><testcase classname="tests.protocol.test_protocol_errors.TestProtocolErrors" name="test_method_not_found" time="0.002" /><testcase classname="tests.protocol.test_protocol_errors.TestProtocolErrors" name="test_invalid_params" time="0.000" /><testcase classname="tests.protocol.test_protocol_errors.TestProtocolErrors" name="test_invalid_json" time="0.000" /><testcase classname="tests.protocol.test_protocol_errors.TestProtocolErrors" name="test_invalid_request" time="0.000" /><testcase classname="tests.protocol.test_protocol_errors.TestProtocolErrors" name="test_aeos_error_codes" time="0.000" /><testcase classname="tests.protocol.test_protocol_errors.TestProtocolErrors" name="test_create_error_response" time="0.000" /><testcase classname="tests.protocol.test_protocol_errors.TestProtocolErrors" name="test_create_error_response_with_data" time="0.000" /><testcase classname="tests.protocol.test_protocol_errors.TestProtocolErrors" name="test_parse_error_response" time="0.000" /><testcase classname="tests.protocol.test_protocol_errors.TestProtocolErrors" name="test_parse_error_response_no_error" time="0.000" /><testcase classname="tests.protocol.test_protocol_errors.TestProtocolErrors" name="test_request_failed" time="0.001" /><testcase classname="tests.protocol.test_protocol_errors.TestProtocolErrors" name="test_dispatch_jsonrpc_error" time="0.001" /><testcase classname="tests.protocol.test_protocol_errors.TestProtocolErrors" name="test_dispatch_generic_error" time="0.000" /><testcase classname="tests.protocol.test_protocol_errors.TestProtocolErrors" name="test_register_error_handlers" time="0.000" /><testcase classname="tests.protocol.test_protocol_errors.TestProtocolErrors" name="test_jsonrpc_error_to_dict" time="0.000" /><testcase classname="tests.protocol.test_protocol_lifecycle.TestProtocolLifecycle" name="test_initialize_minimal" time="0.001" /><testcase classname="tests.protocol.test_protocol_lifecycle.TestProtocolLifecycle" name="test_initialize_full" time="0.000" /><testcase classname="tests.protocol.test_protocol_lifecycle.TestProtocolLifecycle" name="test_initialized_notification" time="0.001" /><testcase classname="tests.protocol.test_protocol_lifecycle.TestProtocolLifecycle" name="test_shutdown_then_exit" time="0.001" /><testcase classname="tests.protocol.test_protocol_lifecycle.TestProtocolLifecycle" name="test_exit_without_shutdown" time="0.000" /><testcase classname="tests.protocol.test_protocol_lifecycle.TestProtocolLifecycle" name="test_double_initialize" time="0.001" /><testcase classname="tests.protocol.test_protocol_lifecycle.TestProtocolLifecycle" name="test_double_shutdown" time="0.000" /><testcase classname="tests.protocol.test_protocol_lifecycle.TestProtocolLifecycle" name="test_register_lifecycle_handlers" time="0.001" /><testcase classname="tests.protocol.test_protocol_progress.TestProtocolProgress" name="test_work_done_progress" time="0.001" /><testcase classname="tests.protocol.test_protocol_progress.TestProtocolProgress" name="test_progress_report" time="0.001" /><testcase classname="tests.protocol.test_protocol_progress.TestProtocolProgress" name="test_progress_end" time="0.001" /><testcase classname="tests.protocol.test_protocol_progress.TestProtocolProgress" name="test_progress_cancel_handler" time="0.000" /><testcase classname="tests.protocol.test_protocol_progress.TestProtocolProgress" name="test_progress_create_and_begin" time="0.000" /><testcase classname="tests.protocol.test_protocol_progress.TestProtocolProgress" name="test_register_progress_handlers" time="0.000" /><testcase classname="tests.protocol.test_protocol_text_sync.TestProtocolTextSync" name="test_did_open" time="0.000" /><testcase classname="tests.protocol.test_protocol_text_sync.TestProtocolTextSync" name="test_did_change_incremental" time="0.001" /><testcase classname="tests.protocol.test_protocol_text_sync.TestProtocolTextSync" name="test_did_change_full" time="0.000" /><testcase classname="tests.protocol.test_protocol_text_sync.TestProtocolTextSync" name="test_did_save" time="0.000" /><testcase classname="tests.protocol.test_protocol_text_sync.TestProtocolTextSync" name="test_did_save_with_text" time="0.000" /><testcase classname="tests.protocol.test_protocol_text_sync.TestProtocolTextSync" name="test_did_close" time="0.000" /><testcase classname="tests.protocol.test_protocol_text_sync.TestProtocolTextSync" name="test_stale_version" time="0.000" /><testcase classname="tests.protocol.test_protocol_text_sync.TestProtocolTextSync" name="test_position_encoding_utf8" time="0.000" /><testcase classname="tests.protocol.test_protocol_text_sync.TestProtocolTextSync" name="test_position_encoding_utf16" time="0.000" /><testcase classname="tests.protocol.test_protocol_text_sync.TestProtocolTextSync" name="test_debounced_change" time="0.001" /><testcase classname="tests.protocol.test_protocol_text_sync.TestProtocolTextSync" name="test_debounce_cancel_all" time="0.001" /><testcase classname="tests.unit.test_diagnostics.TestRuleMetadata" name="test_metadata_creation" time="0.000" /><testcase classname="tests.unit.test_diagnostics.TestRuleMetadata" name="test_metadata_defaults" time="0.000" /><testcase classname="tests.unit.test_diagnostics.TestDiagnosticRule" name="test_rule_implementation" time="0.000" /><testcase classname="tests.unit.test_diagnostics.TestDiagnosticRule" name="test_rule_workspace_default" time="0.001" /><testcase classname="tests.unit.test_diagnostics.TestDiagnosticRule" name="test_rule_repr" time="0.000" /><testcase classname="tests.unit.test_diagnostics.TestDiagnosticRuleRegistry" name="test_register_and_get" time="0.000" /><testcase classname="tests.unit.test_diagnostics.TestDiagnosticRuleRegistry" name="test_register_all" time="0.000" /><testcase classname="tests.unit.test_diagnostics.TestDiagnosticRuleRegistry" name="test_enable_disable" time="0.000" /><testcase classname="tests.unit.test_diagnostics.TestDiagnosticRuleRegistry" name="test_get_enabled_rules" time="0.000" /><testcase classname="tests.unit.test_diagnostics.TestDiagnosticRuleRegistry" name="test_clear" time="0.000" /><testcase classname="tests.unit.test_diagnostics.TestDiagnosticsEngine" name="test_initialization" time="0.001" /><testcase classname="tests.unit.test_diagnostics.TestDiagnosticsEngine" name="test_run_document_diagnostics" time="0.001" /><testcase classname="tests.unit.test_diagnostics.TestSuppressionManager" name="test_parse_suppression_comments" time="0.000" /><testcase classname="tests.unit.test_diagnostics.TestDiagnosticSeverityMapper" name="test_map_severity_default" time="0.000" /><testcase classname="tests.unit.test_diagnostics.TestDiagnosticSeverityMapper" name="test_severity_from_label" time="0.000" /><testcase classname="tests.unit.test_index.TestSqliteStore" name="test_initialization" time="0.001" /><testcase classname="tests.unit.test_index.TestSqliteStore" name="test_upsert_and_get_symbol" time="0.001" /><testcase classname="tests.unit.test_index.TestSqliteStore" name="test_delete_symbol" time="0.001" /><testcase classname="tests.unit.test_index.TestSqliteStore" name="test_get_symbols_by_uri" time="0.001" /><testcase classname="tests.unit.test_index.TestSqliteStore" name="test_delete_symbols_by_uri" time="0.001" /><testcase classname="tests.unit.test_index.TestSqliteStore" name="test_upsert_document" time="0.001" /><testcase classname="tests.unit.test_index.TestSqliteStore" name="test_insert_reference" time="0.001" /><testcase classname="tests.unit.test_index.TestSqliteStore" name="test_get_stats" time="0.001" /><testcase classname="tests.unit.test_index.TestSqliteStore" name="test_transaction" time="0.001" /><testcase classname="tests.unit.test_index.TestSqliteStore" name="test_clear_all" time="0.001" /><testcase classname="tests.unit.test_index.TestSymbolIndex" name="test_search" time="0.001" /><testcase classname="tests.unit.test_index.TestSymbolIndex" name="test_get_by_kind" time="0.001" /><testcase classname="tests.unit.test_index.TestSymbolIndex" name="test_get_by_stable_id" time="0.001" /><testcase classname="tests.unit.test_index.TestSymbolIndex" name="test_count_total" time="0.001" /><testcase classname="tests.unit.test_index.TestSymbolIndex" name="test_list_all" time="0.001" /><testcase classname="tests.unit.test_index.TestReferenceIndex" name="test_find_references_by_target" time="0.001" /><testcase classname="tests.unit.test_index.TestReferenceIndex" name="test_find_definitions" time="0.001" /><testcase classname="tests.unit.test_index.TestReferenceIndex" name="test_find_usages" time="0.001" /><testcase classname="tests.unit.test_index.TestReferenceIndex" name="test_count_total" time="0.001" /><testcase classname="tests.unit.test_index.TestContentHash" name="test_hash_content" time="0.000" /><testcase classname="tests.unit.test_index.TestContentHash" name="test_hash_document" time="0.000" /><testcase classname="tests.unit.test_index.TestContentHash" name="test_hash_ast" time="0.000" /><testcase classname="tests.unit.test_index.TestContentHash" name="test_compare_hashes" time="0.000" /><testcase classname="tests.unit.test_models.TestAgent" name="test_agent_creation" time="0.000" /><testcase classname="tests.unit.test_models.TestAgent" name="test_agent_layer" time="0.000" /><testcase classname="tests.unit.test_models.TestAgent" name="test_agent_kind" time="0.000" /><testcase classname="tests.unit.test_models.TestAgent" name="test_agent_deprecation" time="0.000" /><testcase classname="tests.unit.test_models.TestAgent" name="test_agent_visibility_private" time="0.000" /><testcase classname="tests.unit.test_models.TestSkill" name="test_skill_creation" time="0.000" /><testcase classname="tests.unit.test_models.TestSkill" name="test_skill_kind" time="0.000" /><testcase classname="tests.unit.test_models.TestPlaybook" name="test_playbook_creation" time="0.000" /><testcase classname="tests.unit.test_models.TestPlaybookStep" name="test_step_creation" time="0.000" /><testcase classname="tests.unit.test_models.TestPlaybookStep" name="test_step_with_conditions" time="0.001" /><testcase classname="tests.unit.test_models.TestPlaybookStep" name="test_step_with_timeout" time="0.000" /><testcase classname="tests.unit.test_models.TestTool" name="test_tool_creation" time="0.000" /><testcase classname="tests.unit.test_models.TestTool" name="test_tool_kind" time="0.000" /><testcase classname="tests.unit.test_models.TestTool" name="test_tool_mutating" time="0.000" /><testcase classname="tests.unit.test_models.TestCommand" name="test_command_creation" time="0.000" /><testcase classname="tests.unit.test_models.TestCommand" name="test_command_minimal" time="0.000" /><testcase classname="tests.unit.test_models.TestPolicy" name="test_policy_creation" time="0.000" /><testcase classname="tests.unit.test_models.TestPermission" name="test_permission_creation" time="0.000" /><testcase classname="tests.unit.test_models.TestRegistry" name="test_registry_creation" time="0.000" /><testcase classname="tests.unit.test_models.TestVariable" name="test_variable_creation" time="0.000" /><testcase classname="tests.unit.test_models.TestInputOutput" name="test_input_creation" time="0.000" /><testcase classname="tests.unit.test_models.TestInputOutput" name="test_output_creation" time="0.000" /><testcase classname="tests.unit.test_models.TestWorkspace" name="test_workspace_creation" time="0.000" /><testcase classname="tests.unit.test_models.TestRepository" name="test_repository_creation" time="0.000" /><testcase classname="tests.unit.test_models.TestSymbolKind" name="test_symbol_kind_values" time="0.000" /><testcase classname="tests.unit.test_models.TestVisibility" name="test_visibility_values" time="0.000" /><testcase classname="tests.unit.test_models.TestDeprecationStatus" name="test_deprecation_values" time="0.001" /><testcase classname="tests.unit.test_models.TestAgentLayer" name="test_layer_creation" time="0.000" /><testcase classname="tests.unit.test_models.TestAgentLayer" name="test_layer_kind_constant" time="0.000" /><testcase classname="tests.unit.test_models.TestQualityGate" name="test_quality_gate_creation" time="0.000" /><testcase classname="tests.unit.test_models.TestModelProfile" name="test_model_profile_creation" time="0.001" /><testcase classname="tests.unit.test_models.TestTokenBudget" name="test_token_budget_creation" time="0.000" /><testcase classname="tests.unit.test_models.TestJudgeRule" name="test_judge_rule_creation" time="0.000" /><testcase classname="tests.unit.test_models.TestEvidenceRequirement" name="test_evidence_requirement_creation" time="0.000" /><testcase classname="tests.unit.test_models.TestArtifact" name="test_artifact_creation" time="0.000" /><testcase classname="tests.unit.test_models.TestDependency" name="test_dependency_creation" time="0.000" /><testcase classname="tests.unit.test_models.TestExecutionTarget" name="test_execution_target_creation" time="0.001" /><testcase classname="tests.unit.test_models.TestApprovalRequirement" name="test_approval_requirement_creation" time="0.000" /><testcase classname="tests.unit.test_models.TestRollbackDefinition" name="test_rollback_definition_creation" time="0.000" /><testcase classname="tests.unit.test_models.TestRollbackDefinition" name="test_rollback_with_strategy" time="0.000" /><testcase classname="tests.unit.test_output.TestOutputLimiter" name="test_limit_text_by_chars" time="0.000" /><testcase classname="tests.unit.test_output.TestOutputLimiter" name="test_limit_text_by_lines" time="0.001" /><testcase classname="tests.unit.test_output.TestOutputLimiter" name="test_short_text_not_truncated" time="0.000" /><testcase classname="tests.unit.test_output.TestOutputLimiter" name="test_limit_diagnostics" time="0.001" /><testcase classname="tests.unit.test_output.TestOutputLimiter" name="test_empty_text" time="0.000" /><testcase classname="tests.unit.test_output.TestOutputCompactor" name="test_compact_text" time="0.000" /><testcase classname="tests.unit.test_output.TestOutputCompactor" name="test_compact_diagnostics" time="0.000" /><testcase classname="tests.unit.test_output.TestOutputCompactor" name="test_empty" time="0.000" /><testcase classname="tests.unit.test_output.TestDiagnosticFormatter" name="test_format_editor" time="0.000" /><testcase classname="tests.unit.test_output.TestDiagnosticFormatter" name="test_format_json" time="0.000" /><testcase classname="tests.unit.test_output.TestDiagnosticFormatter" name="test_format_empty" time="0.000" /><testcase classname="tests.unit.test_parsers.TestYamlParser" name="test_yaml_parse_agent" time="0.001" /><testcase classname="tests.unit.test_parsers.TestYamlParser" name="test_yaml_parse_skill" time="0.001" /><testcase classname="tests.unit.test_parsers.TestYamlParser" name="test_yaml_parse_config" time="0.000" /><testcase classname="tests.unit.test_parsers.TestJsonParser" name="test_json_parse" time="0.000" /><testcase classname="tests.unit.test_parsers.TestTomlParser" name="test_toml_parse" time="0.001" /><testcase classname="tests.unit.test_parsers.TestTomlParser" name="test_toml_empty" time="0.000" /><testcase classname="tests.unit.test_parsers.TestMarkdownParser" name="test_markdown_front_matter" time="0.001" /><testcase classname="tests.unit.test_parsers.TestMarkdownParser" name="test_markdown_headings" time="0.000" /><testcase classname="tests.unit.test_parsers.TestMarkdownParser" name="test_markdown_aeos_elements" time="0.000" /><testcase classname="tests.unit.test_parsers.TestMarkdownParser" name="test_markdown_fenced_blocks" time="0.000" /><testcase classname="tests.unit.test_parsers.TestMarkdownParser" name="test_markdown_directives" time="0.001" /><testcase classname="tests.unit.test_parsers.TestExpressionParser" name="test_expression_parse" time="0.001" /><testcase classname="tests.unit.test_parsers.TestExpressionParser" name="test_expression_comparison" time="0.000" /><testcase classname="tests.unit.test_parsers.TestExpressionParser" name="test_expression_invalid" time="0.000" /><testcase classname="tests.unit.test_parsers.TestPositionMapper" name="test_offset_to_position" time="0.000" /><testcase classname="tests.unit.test_parsers.TestPositionMapper" name="test_position_to_offset" time="0.000" /><testcase classname="tests.unit.test_parsers.TestPositionMapper" name="test_roundtrip" time="0.001" /><testcase classname="tests.unit.test_parsers.TestIncrementalParseCache" name="test_cache_operations" time="0.000" /><testcase classname="tests.unit.test_parsers.TestIncrementalParseCache" name="test_cache_invalidate" time="0.000" /><testcase classname="tests.unit.test_parsers.TestIncrementalParseCache" name="test_cache_clear" time="0.000" /><testcase classname="tests.unit.test_parsers.TestIncrementalParseCache" name="test_cache_stats" time="0.000" /><testcase classname="tests.unit.test_parsers.TestIncrementalParseCache" name="test_reparse_region" time="0.000" /><testcase classname="tests.unit.test_parsers.TestDispatcher" name="test_is_aeos_document" time="0.000" /><testcase classname="tests.unit.test_parsers.TestDispatcher" name="test_dispatch_yaml" time="0.001" /><testcase classname="tests.unit.test_parsers.TestDispatcher" name="test_dispatch_json" time="0.000" /><testcase classname="tests.unit.test_parsers.TestDispatcher" name="test_dispatch_markdown" time="0.000" /><testcase classname="tests.unit.test_parsers.TestDispatcher" name="test_dispatch_incremental" time="0.000" /><testcase classname="tests.unit.test_parsers.TestDispatcher" name="test_dispatcher_clear_cache" time="0.000" /><testcase classname="tests.unit.test_protocol.TestCancellationToken" name="test_not_cancelled_by_default" time="0.000" /><testcase classname="tests.unit.test_protocol.TestCancellationToken" name="test_cancel" time="0.000" /><testcase classname="tests.unit.test_protocol.TestCancellationToken" name="test_on_callback" time="0.000" /><testcase classname="tests.unit.test_protocol.TestCancellationToken" name="test_remove_callback" time="0.000" /><testcase classname="tests.unit.test_protocol.TestCancellationToken" name="test_reset" time="0.000" /><testcase classname="tests.unit.test_protocol.TestCancellationManager" name="test_register" time="0.000" /><testcase classname="tests.unit.test_protocol.TestCancellationManager" name="test_get_token" time="0.000" /><testcase classname="tests.unit.test_protocol.TestCancellationManager" name="test_cancel" time="0.000" /><testcase classname="tests.unit.test_protocol.TestCancellationManager" name="test_cancel_nonexistent" time="0.000" /><testcase classname="tests.unit.test_protocol.TestCancellationManager" name="test_cancel_all" time="0.000" /><testcase classname="tests.unit.test_protocol.TestCancellationManager" name="test_unregister" time="0.000" /><testcase classname="tests.unit.test_protocol.TestPositionEncoding" name="test_enum_values" time="0.000" /><testcase classname="tests.unit.test_protocol.TestDebouncedChange" name="test_initialization" time="0.000" /><testcase classname="tests.unit.test_protocol.TestDebouncedChange" name="test_debounce" time="0.001" /><testcase classname="tests.unit.test_protocol.TestDebouncedChange" name="test_cancel_pending" time="0.001" /><testcase classname="tests.unit.test_protocol.TestDebouncedChange" name="test_cancel_pending_all" time="0.001" /><testcase classname="tests.unit.test_schemas.TestSchemaLoader" name="test_loader_initialization" time="0.000" /><testcase classname="tests.unit.test_schemas.TestSchemaLoader" name="test_load_schema" time="0.000" /><testcase classname="tests.unit.test_schemas.TestSchemaLoader" name="test_list_available" time="0.000" /><testcase classname="tests.unit.test_schemas.TestSchemaRegistry" name="test_registry_initialization" time="0.000" /><testcase classname="tests.unit.test_schemas.TestSchemaRegistry" name="test_artifact_type_enum" time="0.000" /><testcase classname="tests.unit.test_schemas.TestSchemaValidator" name="test_validate" time="0.001" /><testcase classname="tests.unit.test_schemas.TestSchemaValidator" name="test_validate_invalid" time="0.001" /><testcase classname="tests.unit.test_schemas.TestValidationResult" name="test_validation_result" time="0.000" /><testcase classname="tests.unit.test_schemas.TestValidationResult" name="test_with_errors" time="0.000" /><testcase classname="tests.unit.test_schemas.TestValidationResult" name="test_error_count" time="0.000" /><testcase classname="tests.unit.test_schemas.TestSchemaMigrator" name="test_detect_version" time="0.000" /><testcase classname="tests.unit.test_schemas.TestSchemaMigrator" name="test_detect_version_no_version" time="0.000" /><testcase classname="tests.unit.test_schemas.TestSchemaMigrator" name="test_create_migration_plan" time="0.000" /><testcase classname="tests.unit.test_schemas.TestSchemaMigrator" name="test_migration_step_rename" time="0.000" /><testcase classname="tests.unit.test_schemas.TestSchemaMigrator" name="test_migration_step_add" time="0.000" /><testcase classname="tests.unit.test_schemas.TestSchemaMigrator" name="test_migration_step_remove" time="0.000" /><testcase classname="tests.unit.test_schemas.TestSchemaMigrator" name="test_field_rename" time="0.000" /><testcase classname="tests.unit.test_schemas.TestSchemaMigrator" name="test_migration_plan_apply" time="0.000" /><testcase classname="tests.unit.test_security.TestRedactionEngine" name="test_redact_api_key" time="0.000" /><testcase classname="tests.unit.test_security.TestRedactionEngine" name="test_redact_password" time="0.000" /><testcase classname="tests.unit.test_security.TestRedactionEngine" name="test_redact_github_token" time="0.000" /><testcase classname="tests.unit.test_security.TestRedactionEngine" name="test_redact_no_secrets" time="0.000" /><testcase classname="tests.unit.test_security.TestRedactionEngine" name="test_contains_secret" time="0.000" /><testcase classname="tests.unit.test_security.TestRedactionEngine" name="test_add_pattern" time="0.000" /><testcase classname="tests.unit.test_security.TestSecretDetector" name="test_detect_github_token" time="0.000" /><testcase classname="tests.unit.test_security.TestSecretDetector" name="test_detect_aws_key" time="0.000" /><testcase classname="tests.unit.test_security.TestSecretDetector" name="test_detect_private_key" time="0.000" /><testcase classname="tests.unit.test_security.TestSecretDetector" name="test_detect_no_secrets" time="0.000" /><testcase classname="tests.unit.test_security.TestSecretDetector" name="test_detect_by_type" time="0.000" /><testcase classname="tests.unit.test_security.TestSecretMatch" name="test_match_creation" time="0.000" /><testcase classname="tests.unit.test_security.TestSecretMatch" name="test_to_dict" time="0.000" /><testcase classname="tests.unit.test_security.TestPathPolicy" name="test_allow_workspace_path" time="0.004" /><testcase classname="tests.unit.test_security.TestPathPolicy" name="test_block_path_traversal" time="0.001" /><testcase classname="tests.unit.test_security.TestPathPolicy" name="test_block_absolute_outside_workspace" time="0.001" /><testcase classname="tests.unit.test_security.TestPathPolicy" name="test_allow_subdirectory" time="0.002" /><testcase classname="tests.unit.test_security.TestPathPolicy" name="test_allow_relative_path" time="0.002" /><testcase classname="tests.unit.test_security.TestCommandPolicy" name="test_allow_safe" time="0.000" /><testcase classname="tests.unit.test_security.TestCommandPolicy" name="test_block_destructive" time="0.000" /><testcase classname="tests.unit.test_semantic.TestSymbolTable" name="test_add_and_get" time="0.000" /><testcase classname="tests.unit.test_semantic.TestSymbolTable" name="test_get_by_kind" time="0.000" /><testcase classname="tests.unit.test_semantic.TestSymbolTable" name="test_remove" time="0.000" /><testcase classname="tests.unit.test_semantic.TestSymbolTable" name="test_has_id" time="0.000" /><testcase classname="tests.unit.test_semantic.TestSymbolTable" name="test_all_symbols" time="0.000" /><testcase classname="tests.unit.test_semantic.TestSymbolTable" name="test_remove_by_uri" time="0.000" /><testcase classname="tests.unit.test_semantic.TestSymbolTable" name="test_clear" time="0.000" /><testcase classname="tests.unit.test_semantic.TestReferenceTable" name="test_add_and_get" time="0.000" /><testcase classname="tests.unit.test_semantic.TestReferenceTable" name="test_get_incoming" time="0.000" /><testcase classname="tests.unit.test_semantic.TestReferenceTable" name="test_find_references" time="0.000" /><testcase classname="tests.unit.test_semantic.TestReferenceTable" name="test_find_definitions" time="0.000" /><testcase classname="tests.unit.test_semantic.TestReferenceTable" name="test_remove_for_uri" time="0.001" /><testcase classname="tests.unit.test_semantic.TestReferenceTable" name="test_clear" time="0.000" /><testcase classname="tests.unit.test_semantic.TestCrossReferenceResolver" name="test_resolve_by_id_found" time="0.000" /><testcase classname="tests.unit.test_semantic.TestCrossReferenceResolver" name="test_resolve_by_id_not_found" time="0.000" /><testcase classname="tests.unit.test_semantic.TestCrossReferenceResolver" name="test_resolve_by_name_found" time="0.000" /><testcase classname="tests.unit.test_semantic.TestCrossReferenceResolver" name="test_resolve_by_name_not_found" time="0.000" /><testcase classname="tests.unit.test_semantic.TestCrossReferenceResolver" name="test_resolve_agent_parent" time="0.000" /><testcase classname="tests.unit.test_semantic.TestCrossReferenceResolver" name="test_invalidate_cache" time="0.000" /><testcase classname="tests.unit.test_semantic.TestCrossReferenceResolver" name="test_clear_cache" time="0.000" /><testcase classname="tests.unit.test_semantic.TestDependencyGraph" name="test_add_node" time="0.000" /><testcase classname="tests.unit.test_semantic.TestDependencyGraph" name="test_add_dependency" time="0.000" /><testcase classname="tests.unit.test_semantic.TestDependencyGraph" name="test_get_dependents" time="0.000" /><testcase classname="tests.unit.test_semantic.TestDependencyGraph" name="test_has_cycle" time="0.000" /><testcase classname="tests.unit.test_semantic.TestDependencyGraph" name="test_no_cycle" time="0.000" /><testcase classname="tests.unit.test_semantic.TestDependencyGraph" name="test_find_cycles" time="0.000" /><testcase classname="tests.unit.test_semantic.TestDependencyGraph" name="test_topological_sort" time="0.000" /><testcase classname="tests.unit.test_semantic.TestDependencyGraph" name="test_reachable_from" time="0.000" /><testcase classname="tests.unit.test_semantic.TestDependencyGraph" name="test_impact_analysis" time="0.000" /><testcase classname="tests.unit.test_semantic.TestDependencyGraph" name="test_merge" time="0.000" /><testcase classname="tests.unit.test_semantic.TestDependencyGraph" name="test_clear" time="0.000" /><testcase classname="tests.unit.test_semantic.TestDependencyGraph" name="test_subgraph" time="0.002" /><testcase classname="tests.unit.test_semantic.TestInheritanceGraph" name="test_add_relationship" time="0.000" /><testcase classname="tests.unit.test_semantic.TestInheritanceGraph" name="test_get_ancestors" time="0.000" /><testcase classname="tests.unit.test_semantic.TestInheritanceGraph" name="test_get_descendants" time="0.000" /><testcase classname="tests.unit.test_semantic.TestInheritanceGraph" name="test_has_cycle" time="0.000" /><testcase classname="tests.unit.test_semantic.TestInheritanceGraph" name="test_no_cycle" time="0.000" /><testcase classname="tests.unit.test_semantic.TestInheritanceGraph" name="test_compute_mro" time="0.000" /><testcase classname="tests.unit.test_semantic.TestInheritanceGraph" name="test_remove_node" time="0.000" /><testcase classname="tests.unit.test_semantic.TestInheritanceGraph" name="test_clear" time="0.000" /><testcase classname="tests.unit.test_semantic.TestReadWriteLock" name="test_acquire_release_read" time="0.000" /><testcase classname="tests.unit.test_semantic.TestReadWriteLock" name="test_acquire_release_write" time="0.000" /><testcase classname="tests.unit.test_semantic.TestReadWriteLock" name="test_context_manager" time="0.000" /><testcase classname="tests.unit.test_semantic.TestVisitor" name="test_accept_visitor" time="0.000" /><testcase classname="tests.unit.test_semantic.TestScopes" name="test_scope_tree" time="0.000" /><testcase classname="tests.unit.test_semantic.TestScopes" name="test_scope_add_symbol" time="0.000" /><testcase classname="tests.unit.test_semantic.TestScopes" name="test_scope_remove" time="0.000" /><testcase classname="tests.unit.test_workspace.TestWorkspaceManager" name="test_initial_state" time="0.000" /><testcase classname="tests.unit.test_workspace.TestWorkspaceManager" name="test_add_folder" time="0.000" /><testcase classname="tests.unit.test_workspace.TestWorkspaceManager" name="test_get_folder" time="0.000" /><testcase classname="tests.unit.test_workspace.TestWorkspaceManager" name="test_remove_folder" time="0.000" /><testcase classname="tests.unit.test_workspace.TestWorkspaceManager" name="test_update_folders" time="0.000" /><testcase classname="tests.unit.test_workspace.TestWorkspaceManager" name="test_is_trusted_default" time="0.000" /><testcase classname="tests.unit.test_workspace.TestWorkspaceManager" name="test_set_trusted" time="0.000" /><testcase classname="tests.unit.test_workspace.TestDocumentCache" name="test_set_and_get" time="0.000" /><testcase classname="tests.unit.test_workspace.TestDocumentCache" name="test_get_nonexistent" time="0.000" /><testcase classname="tests.unit.test_workspace.TestDocumentCache" name="test_delete" time="0.000" /><testcase classname="tests.unit.test_workspace.TestDocumentCache" name="test_clear" time="0.000" /><testcase classname="tests.unit.test_workspace.TestDocumentCache" name="test_stats" time="0.000" /><testcase classname="tests.unit.test_workspace.TestDocumentCache" name="test_hit_counting" time="0.000" /><testcase classname="tests.unit.test_workspace.TestDocumentCache" name="test_miss_counting" time="0.000" /><testcase classname="tests.unit.test_workspace.TestDocumentCache" name="test_count_property" time="0.000" /><testcase classname="tests.unit.test_workspace.TestDocumentCache" name="test_size_bytes_property" time="0.000" /><testcase classname="tests.unit.test_workspace.TestWorkspaceFolderInfo" name="test_folder_creation" time="0.000" /><testcase classname="tests.unit.test_workspace.TestWorkspaceFolderInfo" name="test_detect_aeos_root_found" time="0.001" /><testcase classname="tests.unit.test_workspace.TestWorkspaceFolderInfo" name="test_detect_aeos_root_not_found" time="0.025" /><testcase classname="tests.unit.test_workspace.TestWorkspaceFolderInfo" name="test_validate_folder" time="0.001" /></testsuite></testsuites>